[debug] [2019-05-16T11:31:32.380Z] ----------------------------------------------------------------------
[debug] [2019-05-16T11:31:32.382Z] Command:       C:\Program Files\nodejs\node.exe C:\Users\ander\AppData\Roaming\npm\node_modules\firebase-tools\lib\bin\firebase.js deploy
[debug] [2019-05-16T11:31:32.382Z] CLI Version:   6.9.2
[debug] [2019-05-16T11:31:32.382Z] Platform:      win32
[debug] [2019-05-16T11:31:32.382Z] Node Version:  v8.12.0
[debug] [2019-05-16T11:31:32.383Z] Time:          Thu May 16 2019 13:31:32 GMT+0200 (Romance Daylight Time)
[debug] [2019-05-16T11:31:32.383Z] ----------------------------------------------------------------------
[debug] 
[debug] [2019-05-16T11:31:32.392Z] > command requires scopes: ["email","openid","https://www.googleapis.com/auth/cloudplatformprojects.readonly","https://www.googleapis.com/auth/firebase","https://www.googleapis.com/auth/cloud-platform"]
[debug] [2019-05-16T11:31:32.393Z] > authorizing via signed-in user
[debug] [2019-05-16T11:31:32.393Z] [iam] checking project nozama-58c5d for permissions ["cloudfunctions.functions.create","cloudfunctions.functions.delete","cloudfunctions.functions.get","cloudfunctions.functions.list","cloudfunctions.functions.update","cloudfunctions.operations.get","firebase.projects.get","firebasehosting.sites.update"]
[debug] [2019-05-16T11:31:32.395Z] >>> HTTP REQUEST POST https://cloudresourcemanager.googleapis.com/v1/projects/nozama-58c5d:testIamPermissions  

[debug] [2019-05-16T11:31:33.402Z] <<< HTTP RESPONSE 200
[debug] [2019-05-16T11:31:33.403Z] >>> HTTP REQUEST GET https://firebase.googleapis.com/v1beta1/projects/nozama-58c5d  
 
[debug] [2019-05-16T11:31:33.796Z] <<< HTTP RESPONSE 200
[info] 
[info] === Deploying to 'nozama-58c5d'...
[info] 
[info] i  deploying functions, hosting
[debug] [2019-05-16T11:31:36.100Z] > [functions] package.json contents: {
  "name": "functions",
  "scripts": {
    "lint": "tslint --project tsconfig.json",
    "build": "tsc",
    "serve": "npm run build && firebase serve --only functions",
    "shell": "npm run build && firebase functions:shell",
    "start": "npm run shell",
    "deploy": "firebase deploy --only functions",
    "logs": "firebase functions:log"
  },
  "engines": {
    "node": "8"
  },
  "main": "lib/index.js",
  "dependencies": {
    "body-parser": "^1.19.0",
    "cors": "^2.8.5",
    "express": "^4.16.4",
    "firebase-admin": "~7.0.0",
    "firebase-functions": "^2.3.0"
  },
  "devDependencies": {
    "tslint": "^5.12.0",
    "typescript": "^3.2.2"
  },
  "private": true
}
[info] i  functions: ensuring necessary APIs are enabled...
[debug] [2019-05-16T11:31:36.101Z] >>> HTTP REQUEST GET https://servicemanagement.googleapis.com/v1/services/cloudfunctions.googleapis.com/projectSettings/nozama-58c5d?view=CONSUMER_VIEW  
 
[debug] [2019-05-16T11:31:36.101Z] >>> HTTP REQUEST GET https://servicemanagement.googleapis.com/v1/services/runtimeconfig.googleapis.com/projectSettings/nozama-58c5d?view=CONSUMER_VIEW  
 
[debug] [2019-05-16T11:31:37.588Z] <<< HTTP RESPONSE 200
[debug] [2019-05-16T11:31:37.700Z] <<< HTTP RESPONSE 200
[info] +  functions: all necessary APIs are enabled
[debug] [2019-05-16T11:31:37.701Z] >>> HTTP REQUEST GET https://cloudresourcemanager.googleapis.com/v1/projects/nozama-58c5d  
 
[debug] [2019-05-16T11:31:37.937Z] <<< HTTP RESPONSE 200
[debug] [2019-05-16T11:31:37.938Z] >>> HTTP REQUEST GET https://mobilesdk-pa.googleapis.com/v1/projects/791478407672:getServerAppConfig  
 
[debug] [2019-05-16T11:31:38.215Z] <<< HTTP RESPONSE 200
[debug] [2019-05-16T11:31:38.217Z] >>> HTTP REQUEST POST https://firebasehosting.googleapis.com/v1beta1/sites/nozama-58c5d/versions  

[debug] [2019-05-16T11:31:39.084Z] <<< HTTP RESPONSE 200
[info] i  functions: preparing functions directory for uploading...
[debug] [2019-05-16T11:31:39.087Z] >>> HTTP REQUEST GET https://runtimeconfig.googleapis.com/v1beta1/projects/nozama-58c5d/configs  
 
[debug] [2019-05-16T11:31:40.190Z] <<< HTTP RESPONSE 200
[info] i  functions: packaged functions (47.61 KB) for uploading
[debug] [2019-05-16T11:31:40.710Z] >>> HTTP REQUEST POST https://cloudfunctions.googleapis.com/v1/projects/nozama-58c5d/locations/us-central1/functions:generateUploadUrl  
 
[debug] [2019-05-16T11:31:41.473Z] <<< HTTP RESPONSE 200
[debug] [2019-05-16T11:31:41.474Z] >>> HTTP REQUEST PUT https://storage.googleapis.com/gcf-upload-us-central1-a9ae626a-c50d-425b-99ea-cbdd6d3b2bca/714287f0-d364-4b87-9f24-d2c99358227d.zip?GoogleAccessId=service-791478407672@gcf-admin-robot.iam.gserviceaccount.com&Expires=1558008100&Signature=1KRiKRd5MN6Q6X%2BqNCQ1nhNwMkOYmagFIK7Hd6jsmc6Sl5AkDV4whXLGtz5tDXvnKqDt5bNmw%2F6g7%2Bt9W7ircgf%2BgTfIBopxzfWD1HQzLhqzPp9ornal0L5n6%2BubnvvhM4hSZEZTprImVlxH%2BXRZl96sB%2BbeMXkwN1fDLKFW628nbClDKuXyImxIHZRr4ONsbXdgwZuUgyDZSOj89gUzdVkQ%2BYmq28zqQ9ubkNvN637WC1F%2BIq7SMgzdjU%2Fo44WYJtn0W0bkFCHz20sEAqKR8RGLbcABCOjukD2pbwV99BS6STnxdIBc1AZS0U05bncKB177PZN8d0t9MtRGzuhoow%3D%3D  

[debug] [2019-05-16T11:31:41.972Z] <<< HTTP RESPONSE 200
[info] +  functions: functions folder uploaded successfully
[info] i  hosting[nozama-58c5d]: beginning deploy...
[info] i  hosting[nozama-58c5d]: found 7 files in dist
[debug] [2019-05-16T11:31:41.980Z] [hosting] hash cache [ZGlzdA] load error: lines is not defined
[debug] [2019-05-16T11:31:42.125Z] [hosting] hash cache [ZGlzdA] stored for 7 files
[debug] [2019-05-16T11:31:42.125Z] [hosting][hash queue][FINAL]
[debug] [2019-05-16T11:31:42.125Z] >>> HTTP REQUEST POST https://firebasehosting.googleapis.com/v1beta1/sites/nozama-58c5d/versions/251cc598cffe7e53:populateFiles  
 <request body omitted>
[debug] [2019-05-16T11:31:43.487Z] <<< HTTP RESPONSE 200
[debug] [2019-05-16T11:31:43.488Z] [hosting][populate queue][FINAL]
[debug] [2019-05-16T11:31:43.488Z] [hosting] uploads queued: 0
[debug] [2019-05-16T11:31:43.488Z] [hosting][upload queue][FINAL]
[info] +  hosting[nozama-58c5d]: file upload complete
[debug] [2019-05-16T11:31:43.489Z] [hosting] deploy completed after 1515ms
[debug] [2019-05-16T11:31:43.911Z] >>> HTTP REQUEST GET https://cloudfunctions.googleapis.com/v1/projects/nozama-58c5d/locations/-/functions  
 
[debug] [2019-05-16T11:31:44.690Z] <<< HTTP RESPONSE 200
[info] i  functions: updating Node.js 8 function deleteProduct(us-central1)...
[debug] [2019-05-16T11:31:44.693Z] Trigger is:  {"eventTrigger":{"resource":"projects/nozama-58c5d/databases/(default)/documents/products/{productID}","eventType":"providers/cloud.firestore/eventTypes/document.delete","service":"firestore.googleapis.com"}}
[info] i  functions: updating Node.js 8 function products(us-central1)...
[debug] [2019-05-16T11:31:44.694Z] Trigger is:  {"httpsTrigger":{}}
[info] i  functions: updating Node.js 8 function restApi(us-central1)...
[debug] [2019-05-16T11:31:44.695Z] Trigger is:  {"httpsTrigger":{}}
[info] i  functions: updating Node.js 8 function uploadNewProductImage(us-central1)...
[debug] [2019-05-16T11:31:44.696Z] Trigger is:  {"eventTrigger":{"resource":"projects/_/buckets/nozama-58c5d.appspot.com","eventType":"google.storage.object.finalize","service":"storage.googleapis.com"}}
[info] i  functions: updating Node.js 8 function users(us-central1)...
[debug] [2019-05-16T11:31:44.696Z] Trigger is:  {"httpsTrigger":{}}
[debug] [2019-05-16T11:31:44.697Z] >>> HTTP REQUEST GET https://servicemanagement.googleapis.com/v1/services/cloudscheduler.googleapis.com/projectSettings/nozama-58c5d?view=CONSUMER_VIEW  
 
[debug] [2019-05-16T11:31:46.192Z] <<< HTTP RESPONSE 200
[debug] [2019-05-16T11:31:46.194Z] >>> HTTP REQUEST PATCH https://cloudfunctions.googleapis.com/v1/projects/nozama-58c5d/locations/us-central1/functions/deleteProduct {"updateMask":"sourceUploadUrl,name,labels,runtime,eventTrigger.resource,eventTrigger.eventType,eventTrigger.service"} 

[debug] [2019-05-16T11:31:46.195Z] >>> HTTP REQUEST PATCH https://cloudfunctions.googleapis.com/v1/projects/nozama-58c5d/locations/us-central1/functions/products {"updateMask":"sourceUploadUrl,name,labels,runtime,httpsTrigger"} 

[debug] [2019-05-16T11:31:46.196Z] >>> HTTP REQUEST PATCH https://cloudfunctions.googleapis.com/v1/projects/nozama-58c5d/locations/us-central1/functions/restApi {"updateMask":"sourceUploadUrl,name,labels,runtime,httpsTrigger"} 

[debug] [2019-05-16T11:31:46.196Z] >>> HTTP REQUEST PATCH https://cloudfunctions.googleapis.com/v1/projects/nozama-58c5d/locations/us-central1/functions/uploadNewProductImage {"updateMask":"sourceUploadUrl,name,labels,runtime,eventTrigger.resource,eventTrigger.eventType,eventTrigger.service"} 

[debug] [2019-05-16T11:31:46.197Z] >>> HTTP REQUEST PATCH https://cloudfunctions.googleapis.com/v1/projects/nozama-58c5d/locations/us-central1/functions/users {"updateMask":"sourceUploadUrl,name,labels,runtime,httpsTrigger"} 

[debug] [2019-05-16T11:31:46.637Z] <<< HTTP RESPONSE 200
[debug] [2019-05-16T11:31:46.788Z] <<< HTTP RESPONSE 200
[debug] [2019-05-16T11:31:46.842Z] <<< HTTP RESPONSE 200
[debug] [2019-05-16T11:31:46.867Z] <<< HTTP RESPONSE 200
[debug] [2019-05-16T11:31:46.926Z] <<< HTTP RESPONSE 200
[debug] [2019-05-16T11:31:46.927Z] >>> HTTP REQUEST GET https://cloudfunctions.googleapis.com/v1/projects/nozama-58c5d/locations/-/functions  
 
[debug] [2019-05-16T11:31:47.566Z] <<< HTTP RESPONSE 200
[debug] [2019-05-16T11:31:47.567Z] >>> HTTP REQUEST GET https://cloudfunctions.googleapis.com/v1/operations/bm96YW1hLTU4YzVkL3VzLWNlbnRyYWwxL2RlbGV0ZVByb2R1Y3QvMklBdjJMR29fQ2s  
 
[debug] [2019-05-16T11:31:47.568Z] >>> HTTP REQUEST GET https://cloudfunctions.googleapis.com/v1/operations/bm96YW1hLTU4YzVkL3VzLWNlbnRyYWwxL3Byb2R1Y3RzLzFYUTN0aGVRQ1hr  
 
[debug] [2019-05-16T11:31:47.568Z] >>> HTTP REQUEST GET https://cloudfunctions.googleapis.com/v1/operations/bm96YW1hLTU4YzVkL3VzLWNlbnRyYWwxL3Jlc3RBcGkvV2dYS3dMZllYdTg  
 
[debug] [2019-05-16T11:31:47.568Z] >>> HTTP REQUEST GET https://cloudfunctions.googleapis.com/v1/operations/bm96YW1hLTU4YzVkL3VzLWNlbnRyYWwxL3VwbG9hZE5ld1Byb2R1Y3RJbWFnZS9LMUhvM2NseHp6UQ  
 
[debug] [2019-05-16T11:31:47.569Z] >>> HTTP REQUEST GET https://cloudfunctions.googleapis.com/v1/operations/bm96YW1hLTU4YzVkL3VzLWNlbnRyYWwxL3VzZXJzL2hnaE45WUx2aXNz  
 
[debug] [2019-05-16T11:31:48.022Z] <<< HTTP RESPONSE 200
[debug] [2019-05-16T11:31:48.037Z] <<< HTTP RESPONSE 200
[debug] [2019-05-16T11:31:48.039Z] <<< HTTP RESPONSE 200
[debug] [2019-05-16T11:31:48.044Z] <<< HTTP RESPONSE 200
[debug] [2019-05-16T11:31:48.057Z] <<< HTTP RESPONSE 200
[debug] [2019-05-16T11:31:50.023Z] >>> HTTP REQUEST GET https://cloudfunctions.googleapis.com/v1/operations/bm96YW1hLTU4YzVkL3VzLWNlbnRyYWwxL3Jlc3RBcGkvV2dYS3dMZllYdTg  
 
[debug] [2019-05-16T11:31:50.037Z] >>> HTTP REQUEST GET https://cloudfunctions.googleapis.com/v1/operations/bm96YW1hLTU4YzVkL3VzLWNlbnRyYWwxL2RlbGV0ZVByb2R1Y3QvMklBdjJMR29fQ2s  
 
[debug] [2019-05-16T11:31:50.039Z] >>> HTTP REQUEST GET https://cloudfunctions.googleapis.com/v1/operations/bm96YW1hLTU4YzVkL3VzLWNlbnRyYWwxL3VwbG9hZE5ld1Byb2R1Y3RJbWFnZS9LMUhvM2NseHp6UQ  
 
[debug] [2019-05-16T11:31:50.043Z] >>> HTTP REQUEST GET https://cloudfunctions.googleapis.com/v1/operations/bm96YW1hLTU4YzVkL3VzLWNlbnRyYWwxL3Byb2R1Y3RzLzFYUTN0aGVRQ1hr  
 
[debug] [2019-05-16T11:31:50.057Z] >>> HTTP REQUEST GET https://cloudfunctions.googleapis.com/v1/operations/bm96YW1hLTU4YzVkL3VzLWNlbnRyYWwxL3VzZXJzL2hnaE45WUx2aXNz  
 
[debug] [2019-05-16T11:31:50.346Z] <<< HTTP RESPONSE 200
[debug] [2019-05-16T11:31:50.477Z] <<< HTTP RESPONSE 200
[debug] [2019-05-16T11:31:50.506Z] <<< HTTP RESPONSE 200
[debug] [2019-05-16T11:31:50.507Z] <<< HTTP RESPONSE 200
[debug] [2019-05-16T11:31:50.510Z] <<< HTTP RESPONSE 200
